#
# A fatal error has been detected by the Java Runtime Environment:
#
#  EXCEPTION_ACCESS_VIOLATION (0xc0000005) at pc=0x000000006d97ea22, pid=3420, tid=5164
#
# JRE version: 6.0_31-b05
# Java VM: Java HotSpot(TM) 64-Bit Server VM (20.6-b01 mixed mode windows-amd64 compressed oops)
# Problematic frame:
# V  [jvm.dll+0xcea22]
#
# If you would like to submit a bug report, please visit:
#   http://java.sun.com/webapps/bugreport/crash.jsp
#

---------------  T H R E A D  ---------------

Current thread (0x0000000000625000):  VMThread [stack: 0x0000000006210000,0x0000000006310000] [id=5164]

siginfo: ExceptionCode=0xc0000005, reading address 0x00000cc00000000c

Registers:
RAX=0x000000006de80ee0, RBX=0x00000cc00000000c, RCX=0x00000000d3ec4178, RDX=0x00000000d3ec4168
RSP=0x000000000630f870, RBP=0x0000000000000000, RSI=0x000000000052cfb0, RDI=0x000000000f425150
R8 =0x0000000000000001, R9 =0x000000000f425150, R10=0x00000000000001fe, R11=0x00000000d3ec5078
R12=0x0000000000576480, R13=0x0000000000576e30, R14=0x000000000056cca0, R15=0x0000000000000012
RIP=0x000000006d97ea22, EFLAGS=0x0000000000010206

Top of Stack: (sp=0x000000000630f870)
0x000000000630f870:   00000000d3ec1290 000000006d9c3a40
0x000000000630f880:   0000000000000003 0000000000000000
0x000000000630f890:   00000000d3ec4168 000000006d9b8e42
0x000000000630f8a0:   0000000000000003 0000000000576480
0x000000000630f8b0:   000000000f425150 000000000052cfb0
0x000000000630f8c0:   00000000d3ec4168 000000006db029ab
0x000000000630f8d0:   00000000d3ecc030 00000000d3ec4e30
0x000000000630f8e0:   00000000d3ec1240 00000000d3ec1240
0x000000000630f8f0:   0000000000576480 000000006dc78280
0x000000000630f900:   0000000000000000 00000000005763f0
0x000000000630f910:   000000000052cfb0 000000006dfcb100
0x000000000630f920:   0000000000567dd0 000000006dc85fe2
0x000000000630f930:   000000006de7b018 0000000000000000
0x000000000630f940:   000000006dfcb100 0000000000000c01
0x000000000630f950:   0000000000010100 0000000000000000
0x000000000630f960:   000000000062c800 0000000000000000 

Instructions: (pc=0x000000006d97ea22)
0x000000006d97ea02:   24 48 b0 01 48 83 c4 28 c3 cc cc cc cc cc 48 53
0x000000006d97ea12:   48 83 ec 20 48 8b 19 48 85 db 0f 84 6a 01 00 00
0x000000006d97ea22:   48 8b 03 24 03 3c 03 0f 84 5d 01 00 00 48 8b 13
0x000000006d97ea32:   48 c7 44 24 30 03 00 00 00 48 8b 44 24 30 48 89 


Register to memory mapping:

RAX=0x000000006de80ee0 is an unknown value
RBX=0x00000cc00000000c is an unknown value
RCX=0x00000000d3ec4178 is an oop
{method} 
 - klass: {other class}
RDX=0x00000000d3ec4168 is an oop
{method} 
 - klass: {other class}
RSP=0x000000000630f870 is an unknown value
RBP=0x0000000000000000 is an unknown value
RSI=0x000000000052cfb0 is an unknown value
RDI=0x000000000f425150 is an unknown value
R8 =0x0000000000000001 is an unknown value
R9 =0x000000000f425150 is an unknown value
R10=0x00000000000001fe is an unknown value
R11=0x00000000d3ec5078 is an oop
{instance class} 
 - klass: {other class}
R12=0x0000000000576480 is an unknown value
R13=0x0000000000576e30 is an unknown value
R14=0x000000000056cca0 is an unknown value
R15=0x0000000000000012 is an unknown value


Stack: [0x0000000006210000,0x0000000006310000],  sp=0x000000000630f870,  free space=1022k
Native frames: (J=compiled Java code, j=interpreted, Vv=VM code, C=native code)
V  [jvm.dll+0xcea22]

[error occurred during error reporting (printing native stack), id 0xc0000005]

VM_Operation (0x000000001397e000): ParallelGCFailedAllocation, mode: safepoint, requested by thread 0x000000000a42e800


---------------  P R O C E S S  ---------------

Java Threads: ( => current thread )
  0x000000000da0f000 JavaThread "Inactive RequestProcessor thread [Was:Property Sheet/org.openide.explorer.propertysheet.PropertySheet$2]" daemon [_thread_blocked, id=2768, stack(0x0000000009530000,0x0000000009730000)]
  0x000000000da11800 JavaThread "Inactive RequestProcessor thread [Was:AnnotationHolder/org.netbeans.modules.editor.hints.AnnotationHolder$4$2]" daemon [_thread_blocked, id=5376, stack(0x0000000008160000,0x0000000008360000)]
  0x000000000da0e800 JavaThread "Inactive RequestProcessor thread [Was:org.netbeans.modules.project.ui.actions.ActiveConfigAction/org.netbeans.modules.project.ui.actions.ActiveConfigAction$14]" daemon [_thread_blocked, id=5952, stack(0x0000000007f60000,0x0000000008160000)]
  0x000000000da10800 JavaThread "Inactive RequestProcessor thread [Was:EditorBracesMatching/org.netbeans.modules.editor.bracesmatching.MasterMatcher$Result]" daemon [_thread_blocked, id=7124, stack(0x0000000007d60000,0x0000000007f60000)]
  0x000000000da13800 JavaThread "Inactive RequestProcessor thread [Was:VersioningAnnotator.annotationRefresh/org.netbeans.modules.versioning.core.VersioningAnnotationProvider$Cache$AnnotationRefreshTask]" daemon [_thread_blocked, id=6564, stack(0x0000000007b60000,0x0000000007d60000)]
  0x000000000a42a800 JavaThread "Swing-Shell" daemon [_thread_blocked, id=4128, stack(0x0000000009730000,0x0000000009930000)]
  0x000000000a42e800 JavaThread "Editor Parsing Loop (201306052037)" [_thread_blocked, id=4456, stack(0x0000000013780000,0x0000000013980000)]
  0x000000000a427000 JavaThread "DestroyJavaVM" [_thread_blocked, id=4024, stack(0x0000000002530000,0x0000000002730000)]
  0x000000000d22e800 JavaThread "TimerQueue" daemon [_thread_blocked, id=4872, stack(0x000000000bae0000,0x000000000bce0000)]
  0x000000000d22e000 JavaThread "AWT-EventQueue-1" [_thread_blocked, id=4356, stack(0x00000000108e0000,0x0000000010ae0000)]
  0x000000000d22d800 JavaThread "Worker-JM" [_thread_blocked, id=5088, stack(0x00000000106e0000,0x00000000108e0000)]
  0x000000000d22c800 JavaThread "Framework Event Dispatcher" daemon [_thread_blocked, id=4856, stack(0x00000000104e0000,0x00000000106e0000)]
  0x000000000d22c000 JavaThread "Thread-2" daemon [_thread_blocked, id=4820, stack(0x000000000f1b0000,0x000000000f3b0000)]
  0x000000000d22b000 JavaThread "W32 File Monitor" daemon [_thread_blocked, id=4632, stack(0x000000000efb0000,0x000000000f1b0000)]
  0x000000000d22a800 JavaThread "File Watcher" daemon [_thread_blocked, id=5160, stack(0x000000000edb0000,0x000000000efb0000)]
  0x000000000751c000 JavaThread "State Data Manager" daemon [_thread_blocked, id=3940, stack(0x000000000e290000,0x000000000e490000)]
  0x000000000a44a800 JavaThread "Framework Active Thread" [_thread_blocked, id=5036, stack(0x000000000e090000,0x000000000e290000)]
  0x0000000007514800 JavaThread "AWT-Windows" daemon [_thread_blocked, id=668, stack(0x000000000b8e0000,0x000000000bae0000)]
  0x0000000007513800 JavaThread "AWT-Shutdown" [_thread_blocked, id=4444, stack(0x000000000b6e0000,0x000000000b8e0000)]
  0x00000000074af000 JavaThread "Java2D Disposer" daemon [_thread_blocked, id=5464, stack(0x000000000b4e0000,0x000000000b6e0000)]
  0x000000000760f000 JavaThread "RequestProcessor queue manager" daemon [_thread_blocked, id=880, stack(0x000000000afd0000,0x000000000b1d0000)]
  0x000000000754b800 JavaThread "CLI Requests Server" daemon [_thread_in_native, id=1052, stack(0x000000000a450000,0x000000000a650000)]
  0x000000000740e800 JavaThread "Active Reference Queue Daemon" daemon [_thread_blocked, id=4920, stack(0x0000000007610000,0x0000000007810000)]
  0x0000000006576000 JavaThread "Low Memory Detector" daemon [_thread_blocked, id=5252, stack(0x0000000006f10000,0x0000000007110000)]
  0x0000000006575000 JavaThread "C2 CompilerThread1" daemon [_thread_blocked, id=2552, stack(0x0000000006e10000,0x0000000006f10000)]
  0x0000000006570000 JavaThread "C2 CompilerThread0" daemon [_thread_blocked, id=2500, stack(0x0000000006d10000,0x0000000006e10000)]
  0x000000000656d000 JavaThread "Attach Listener" daemon [_thread_blocked, id=1536, stack(0x0000000006b10000,0x0000000006d10000)]
  0x0000000006568000 JavaThread "Signal Dispatcher" daemon [_thread_blocked, id=4684, stack(0x0000000006910000,0x0000000006b10000)]
  0x000000000062e000 JavaThread "Finalizer" daemon [_thread_blocked, id=4148, stack(0x0000000006710000,0x0000000006910000)]
  0x000000000062c800 JavaThread "Reference Handler" daemon [_thread_blocked, id=6068, stack(0x0000000006310000,0x0000000006510000)]

Other Threads:
=>0x0000000000625000 VMThread [stack: 0x0000000006210000,0x0000000006310000] [id=5164]
  0x0000000006588800 WatcherThread [stack: 0x0000000007110000,0x0000000007210000] [id=4040]

VM state:at safepoint (normal execution)

VM Mutex/Monitor currently owned by a thread:  ([mutex/lock_event])
[0x000000000052c1b0] Threads_lock - owner thread: 0x0000000000625000
[0x000000000052c6b0] Heap_lock - owner thread: 0x000000000a42e800

Heap
 PSYoungGen      total 83008K, used 24829K [0x00000000f5560000, 0x00000000ffe50000, 0x0000000100000000)
  eden space 58176K, 0% used [0x00000000f5560000,0x00000000f5560000,0x00000000f8e30000)
  from space 24832K, 99% used [0x00000000f8e30000,0x00000000fa66f4c0,0x00000000fa670000)
  to   space 57344K, 0% used [0x00000000fc650000,0x00000000fc650000,0x00000000ffe50000)
 PSOldGen        total 349568K, used 349424K [0x00000000e0000000, 0x00000000f5560000, 0x00000000f5560000)
  object space 349568K, 99% used [0x00000000e0000000,0x00000000f553c1f8,0x00000000f5560000)
 PSPermGen       total 126784K, used 126196K [0x00000000d0000000, 0x00000000d7bd0000, 0x00000000e0000000)
  object space 126784K, 99% used [0x00000000d0000000,0x00000000d7b3d190,0x00000000d7bd0000)

Code Cache  [0x0000000002730000, 0x00000000045c0000, 0x0000000005730000)
 total_blobs=7404 nmethods=6679 adapters=674 free_code_cache=18639168 largest_free_block=13056

Dynamic libraries:
0x0000000000400000 - 0x000000000042f000 	C:\Program Files\Java\jdk1.6.0_31\jre\bin\javaw.exe
0x0000000077160000 - 0x0000000077309000 	C:\Windows\SYSTEM32\ntdll.dll
0x0000000077040000 - 0x000000007715f000 	C:\Windows\system32\kernel32.dll
0x000007fefd000000 - 0x000007fefd06b000 	C:\Windows\system32\KERNELBASE.dll
0x000007fefe5f0000 - 0x000007fefe6cb000 	C:\Windows\system32\ADVAPI32.dll
0x000007fefd370000 - 0x000007fefd40f000 	C:\Windows\system32\msvcrt.dll
0x000007fefe520000 - 0x000007fefe53f000 	C:\Windows\SYSTEM32\sechost.dll
0x000007feff340000 - 0x000007feff46d000 	C:\Windows\system32\RPCRT4.dll
0x0000000076f40000 - 0x000000007703a000 	C:\Windows\system32\USER32.dll
0x000007fefee50000 - 0x000007fefeeb7000 	C:\Windows\system32\GDI32.dll
0x000007fefd410000 - 0x000007fefd41e000 	C:\Windows\system32\LPK.dll
0x000007fefe450000 - 0x000007fefe519000 	C:\Windows\system32\USP10.dll
0x000007fefed40000 - 0x000007fefed6e000 	C:\Windows\system32\IMM32.DLL
0x000007fefec30000 - 0x000007fefed39000 	C:\Windows\system32\MSCTF.dll
0x000000006d8b0000 - 0x000000006e068000 	C:\Program Files\Java\jdk1.6.0_31\jre\bin\server\jvm.dll
0x000007fefacc0000 - 0x000007fefacfb000 	C:\Windows\system32\WINMM.dll
0x000000006d820000 - 0x000000006d82e000 	C:\Program Files\Java\jdk1.6.0_31\jre\bin\verify.dll
0x000000006d450000 - 0x000000006d477000 	C:\Program Files\Java\jdk1.6.0_31\jre\bin\java.dll
0x000000006d870000 - 0x000000006d882000 	C:\Program Files\Java\jdk1.6.0_31\jre\bin\zip.dll
0x000000006d6b0000 - 0x000000006d6c7000 	C:\Program Files\Java\jdk1.6.0_31\jre\bin\net.dll
0x000007fefe5a0000 - 0x000007fefe5ed000 	C:\Windows\system32\WS2_32.dll
0x000007fefefc0000 - 0x000007fefefc8000 	C:\Windows\system32\NSI.dll
0x000007fefc7b0000 - 0x000007fefc805000 	C:\Windows\system32\mswsock.dll
0x000007fefc7a0000 - 0x000007fefc7a7000 	C:\Windows\System32\wship6.dll
0x000000006d6d0000 - 0x000000006d6db000 	C:\Program Files\Java\jdk1.6.0_31\jre\bin\nio.dll
0x000007fefa5c0000 - 0x000007fefa5e7000 	C:\Windows\system32\iphlpapi.dll
0x000007fefa550000 - 0x000007fefa55b000 	C:\Windows\system32\WINNSI.DLL
0x000007fefa250000 - 0x000007fefa261000 	C:\Windows\system32\dhcpcsvc6.DLL
0x000007fefa1b0000 - 0x000007fefa1c8000 	C:\Windows\system32\dhcpcsvc.DLL
0x000007fefc120000 - 0x000007fefc127000 	C:\Windows\System32\wshtcpip.dll
0x000007fefc810000 - 0x000007fefc827000 	C:\Windows\system32\CRYPTSP.dll
0x000007fefc510000 - 0x000007fefc557000 	C:\Windows\system32\rsaenh.dll
0x000007fefc240000 - 0x000007fefc25e000 	C:\Windows\system32\USERENV.dll
0x000007fefcf40000 - 0x000007fefcf4f000 	C:\Windows\system32\profapi.dll
0x000007fefce70000 - 0x000007fefce7f000 	C:\Windows\system32\CRYPTBASE.dll
0x000007fefaaf0000 - 0x000007fefab05000 	C:\Windows\system32\NLAapi.dll
0x000007fef71a0000 - 0x000007fef71b5000 	C:\Windows\system32\napinsp.dll
0x000007fef7180000 - 0x000007fef7199000 	C:\Windows\system32\pnrpnsp.dll
0x000007fefc630000 - 0x000007fefc68b000 	C:\Windows\system32\DNSAPI.dll
0x000007fef7170000 - 0x000007fef717b000 	C:\Windows\System32\winrnr.dll
0x000007fef98b0000 - 0x000007fef98df000 	C:\Program Files\Common Files\Microsoft Shared\Windows Live\WLIDNSP.DLL
0x0000000077330000 - 0x0000000077337000 	C:\Windows\system32\PSAPI.DLL
0x000007fefeec0000 - 0x000007fefef31000 	C:\Windows\system32\SHLWAPI.dll
0x0000000073890000 - 0x00000000738b6000 	C:\Program Files\Bonjour\mdnsNSP.dll
0x000007fef98a0000 - 0x000007fef98a8000 	C:\Windows\system32\rasadhlp.dll
0x000007fefa1f0000 - 0x000007fefa243000 	C:\Windows\System32\fwpuclnt.dll
0x000000006d0a0000 - 0x000000006d264000 	C:\Program Files\Java\jdk1.6.0_31\jre\bin\awt.dll
0x000007fef8690000 - 0x000007fef8701000 	C:\Windows\system32\WINSPOOL.DRV
0x000007fefefd0000 - 0x000007feff1d3000 	C:\Windows\system32\ole32.dll
0x000007fefd6c0000 - 0x000007fefe448000 	C:\Windows\system32\SHELL32.dll
0x000007fefb5d0000 - 0x000007fefb7c4000 	C:\Windows\WinSxS\amd64_microsoft.windows.common-controls_6595b64144ccf1df_6.0.7601.17514_none_fa396087175ac9ac\COMCTL32.dll
0x000007fefb550000 - 0x000007fefb568000 	C:\Windows\system32\DWMAPI.DLL
0x000007fefb570000 - 0x000007fefb5c6000 	C:\Windows\system32\uxtheme.dll
0x000000006d340000 - 0x000000006d3a7000 	C:\Program Files\Java\jdk1.6.0_31\jre\bin\fontmanager.dll
0x000000006d770000 - 0x000000006d79a000 	C:\Program Files\Java\jdk1.6.0_31\jre\bin\splashscreen.dll
0x000007fefed70000 - 0x000007fefee47000 	C:\Windows\system32\OLEAUT32.DLL
0x0000000180000000 - 0x0000000180038000 	C:\Program Files\NetBeans 7.3\platform\modules\lib\amd64\jnidispatch-340.dll
0x000000006d5f0000 - 0x000000006d5fa000 	C:\Program Files\Java\jdk1.6.0_31\jre\bin\management.dll
0x000000006d2b0000 - 0x000000006d2d8000 	C:\Program Files\Java\jdk1.6.0_31\jre\bin\dcpr.dll
0x000007fefd420000 - 0x000007fefd5f7000 	C:\Windows\system32\SETUPAPI.dll
0x000007fefd1f0000 - 0x000007fefd226000 	C:\Windows\system32\CFGMGR32.dll
0x000007fefd280000 - 0x000007fefd29a000 	C:\Windows\system32\DEVOBJ.dll
0x000007fefd600000 - 0x000007fefd699000 	C:\Windows\system32\CLBCatQ.DLL
0x000007fefbbf0000 - 0x000007fefbd1c000 	C:\Windows\system32\propsys.dll
0x000007fefaf70000 - 0x000007fefaf9d000 	C:\Windows\system32\ntmarta.dll
0x000007fefe540000 - 0x000007fefe592000 	C:\Windows\system32\WLDAP32.dll
0x000007fefce10000 - 0x000007fefce67000 	C:\Windows\system32\apphelp.dll
0x000007fef3bf0000 - 0x000007fef3d8c000 	C:\Windows\system32\NetworkExplorer.dll
0x000007fef5c00000 - 0x000007fef5c34000 	C:\Windows\System32\shdocvw.dll
0x000007fefa7a0000 - 0x000007fefa7ab000 	C:\Windows\system32\slc.dll
0x000007fefafa0000 - 0x000007fefb101000 	C:\Windows\system32\WindowsCodecs.dll
0x000000006d740000 - 0x000000006d756000 	C:\Program Files\Common Files\TortoiseOverlays\TortoiseOverlays.dll
0x000000006d760000 - 0x000000006d770000 	C:\Program Files\TortoiseSVN\bin\TortoiseStub.dll
0x0000000009b60000 - 0x0000000009bdb000 	C:\Program Files\TortoiseSVN\bin\TortoiseSVN.dll
0x000007fefe960000 - 0x000007fefeb8d000 	C:\Windows\system32\WININET.dll
0x000007fefd350000 - 0x000007fefd354000 	C:\Windows\system32\api-ms-win-downlevel-user32-l1-1-0.dll
0x000007fefd1e0000 - 0x000007fefd1e5000 	C:\Windows\system32\api-ms-win-downlevel-advapi32-l1-1-0.dll
0x000007fefd270000 - 0x000007fefd274000 	C:\Windows\system32\api-ms-win-downlevel-shlwapi-l1-1-0.dll
0x000007fefd2a0000 - 0x000007fefd2a4000 	C:\Windows\system32\api-ms-win-downlevel-version-l1-1-0.dll
0x000007fefc050000 - 0x000007fefc05c000 	C:\Windows\system32\version.DLL
0x000007fefcff0000 - 0x000007fefcff3000 	C:\Windows\system32\api-ms-win-downlevel-normaliz-l1-1-0.dll
0x0000000077320000 - 0x0000000077323000 	C:\Windows\system32\normaliz.DLL
0x000007fefe6d0000 - 0x000007fefe95c000 	C:\Windows\system32\iertutil.dll
0x000007fef5ea0000 - 0x000007fef6289000 	C:\Program Files\TortoiseSVN\bin\libsvn_tsvn.dll
0x0000000009bf0000 - 0x0000000009c1b000 	C:\Program Files\TortoiseSVN\bin\libapr_tsvn.dll
0x00000000735b0000 - 0x0000000073682000 	C:\Windows\system32\MSVCR100.dll
0x000000006d640000 - 0x000000006d681000 	C:\Program Files\TortoiseSVN\bin\libaprutil_tsvn.dll
0x000007fef6460000 - 0x000007fef6470000 	C:\Program Files\TortoiseSVN\bin\intl3_tsvn.dll
0x000007fef6440000 - 0x000007fef645a000 	C:\Program Files\TortoiseSVN\bin\libsasl.dll
0x000007fefcda0000 - 0x000007fefcdab000 	C:\Windows\system32\Secur32.dll
0x000007fefcde0000 - 0x000007fefce05000 	C:\Windows\system32\SSPICLI.DLL
0x000007fefd070000 - 0x000007fefd1da000 	C:\Windows\system32\CRYPT32.dll
0x000007fefcfe0000 - 0x000007fefcfef000 	C:\Windows\system32\MSASN1.dll
0x0000000073690000 - 0x0000000073728000 	C:\Windows\system32\MSVCP100.dll
0x000007fef6400000 - 0x000007fef6435000 	C:\Windows\system32\EhStorShell.dll
0x000007fef5e20000 - 0x000007fef5e9e000 	C:\Windows\System32\cscui.dll
0x000007fef63f0000 - 0x000007fef63fc000 	C:\Windows\System32\CSCDLL.dll
0x000007fef7130000 - 0x000007fef713f000 	C:\Windows\system32\CSCAPI.dll
0x000007fef6b50000 - 0x000007fef6b68000 	C:\Windows\system32\MPR.dll
0x000007fee7d40000 - 0x000007fee7d4a000 	C:\Windows\System32\drprov.dll
0x000007fefc310000 - 0x000007fefc34d000 	C:\Windows\System32\WINSTA.dll
0x000007fee6750000 - 0x000007fee6772000 	C:\Windows\System32\ntlanman.dll
0x000007fee6730000 - 0x000007fee674c000 	C:\Windows\System32\davclnt.dll
0x000007fee7600000 - 0x000007fee760a000 	C:\Windows\System32\DAVHLPR.dll
0x000007fefad20000 - 0x000007fefad35000 	C:\Windows\system32\wkscli.dll
0x000007fefad40000 - 0x000007fefad4c000 	C:\Windows\system32\netutils.dll
0x000007fee5f80000 - 0x000007fee61f1000 	C:\Windows\system32\wpdshext.dll
0x000007fefb2e0000 - 0x000007fefb4f6000 	C:\Windows\WinSxS\amd64_microsoft.windows.gdiplus_6595b64144ccf1df_1.1.7601.18120_none_2b25b14c71ebf230\gdiplus.dll
0x000007fef74b0000 - 0x000007fef756d000 	C:\Windows\system32\PortableDeviceApi.dll
0x000007fefd230000 - 0x000007fefd269000 	C:\Windows\system32\WINTRUST.dll
0x000007fef1470000 - 0x000007fef1497000 	C:\Windows\system32\EhStorAPI.dll
0x000007fef5bf0000 - 0x000007fef5bfc000 	C:\Windows\system32\LINKINFO.dll
0x000007fef63e0000 - 0x000007fef63e8000 	C:\Windows\system32\IconCodecService.dll
0x000007fefad00000 - 0x000007fefad14000 	C:\Windows\system32\samcli.dll
0x000007fefb500000 - 0x000007fefb51d000 	C:\Windows\system32\SAMLIB.dll
0x000007fef2680000 - 0x000007fef27a5000 	C:\Windows\system32\dbghelp.dll

VM Arguments:
jvm_args: -Dnetbeans.importclass=org.netbeans.upgrade.AutoUpgrade -Dnetbeans.accept_license_class=org.netbeans.license.AcceptLicense -Xss2m -Xms32m -XX:PermSize=32m -Dapple.laf.useScreenMenuBar=true -Dapple.awt.graphics.UseQuartz=true -Dsun.java2d.noddraw=true -Dsun.java2d.dpiaware=true -Dsun.zip.disableMemoryMapping=true -Dsun.awt.disableMixing=true -Dfile.encoding=UTF-8 -Xmx512m -XX:MaxPermSize=256m -Djdk.home=C:\Program Files\Java\jdk1.6.0_31 -Dnetbeans.home=C:\Program Files\NetBeans 7.3\platform -Dnetbeans.user=C:\Users\George Bardis\AppData\Roaming\NetBeans\7.3 -Dnetbeans.default_userdir_root=C:\Users\George Bardis\AppData\Roaming\NetBeans -XX:+HeapDumpOnOutOfMemoryError -XX:HeapDumpPath=C:\Users\George Bardis\AppData\Roaming\NetBeans\7.3\var\log\heapdump.hprof -Dnetbeans.system_http_proxy=DIRECT -Dsun.awt.keepWorkingSetOnMinimize=true -Dnetbeans.dirs=C:\Program Files\NetBeans 7.3\nb;C:\Program Files\NetBeans 7.3\ergonomics;C:\Program Files\NetBeans 7.3\ide;C:\Program Files\NetBeans 7.3\java;C:\Program Files\NetBeans 7.3\apisupport;C:\Program Files\NetBeans 7.3\webcommon;C:\Program Files\NetBeans 7.3\websvccommon;C:\Program Files\NetBeans 7.3\enterprise;C:\Program Files\NetBeans 7.3\mobility;C:\Program Files\NetBeans 7.3\profiler;C:\Program Files\NetBeans 7.3\python;C:\Program Files\NetBeans 7.3\php;C:\Program Files\NetBeans 7.3\identity;C:\Program Files\NetBeans 7.3\harness;C:\Program Files\NetBeans 7.3\cnd;C:\Program Files\NetBeans 7.3\dlight;C:\Program Files\NetBeans 7.3\groovy;C:\Program Files\NetBeans 7.3\extra;C:\Program Files\NetBeans 7.3\javacard;C:\Program Files\NetBeans 7.3\javafx 
java_command: org/netbeans/Main --branding nb --cachedir C:\Users\George Bardis\AppData\Local\NetBeans\Cache/7.3 C:\wamp\www\tgs\web\app_dev.php
Launcher Type: SUN_STANDARD

Environment Variables:
CLASSPATH=.;C:\Program Files (x86)\Java\jre7\lib\ext\QTJava.zip
PATH=C:\Program Files (x86)\AMD APP\bin\x86_64;C:\Program Files (x86)\AMD APP\bin\x86;C:\Program Files (x86)\Ruby193\bin;C:\Program Files\Common Files\Microsoft Shared\Windows Live;C:\Program Files (x86)\Common Files\Microsoft Shared\Windows Live;C:\Windows\system32;C:\Windows;C:\Windows\System32\Wbem;C:\Windows\System32\WindowsPowerShell\v1.0\;C:\Program Files (x86)\ATI Technologies\ATI.ACE\Core-Static;C:\Program Files (x86)\Windows Live\Shared;C:\wamp\bin\php\php5.2.11;C:\wamp\www\framework;C:\wamp\bin\php\php5.3.8;C:\wamp\bin\mongodb\mongodb-win32-x86_64-2.0.7-rc1\bin;C:\wamp\bin\php\php5.3.8;C:\Program Files\TortoiseSVN\bin;C:\Program Files (x86)\QuickTime\QTSystem\;C:\Program Files\nodejs\;C:\Users\George Bardis\AppData\Roaming\npm
USERNAME=George Bardis
OS=Windows_NT
PROCESSOR_IDENTIFIER=AMD64 Family 16 Model 4 Stepping 3, AuthenticAMD



---------------  S Y S T E M  ---------------

OS: Windows 7 , 64 bit Build 7601 Service Pack 1

CPU:total 4 (4 cores per cpu, 1 threads per core) family 16 model 4 stepping 3, cmov, cx8, fxsr, mmx, sse, sse2, sse3, popcnt, mmxext, 3dnow, 3dnowext, lzcnt, sse4a

Memory: 4k page, physical 4193460k(1786940k free), swap 8385060k(4106940k free)

vm_info: Java HotSpot(TM) 64-Bit Server VM (20.6-b01) for windows-amd64 JRE (1.6.0_31-b05), built on Feb  3 2012 18:34:57 by "java_re" with MS VC++ 8.0 (VS2005)

time: Sun Aug 11 11:54:13 2013
elapsed time: 143018 seconds

